The system is: Darwin - 18.5.0 - x86_64
Compiling the C compiler identification source file "CMakeCCompilerId.c" succeeded.
Compiler: /usr/local/bin/gcc-8 
Build flags: 
Id flags:  

The output was:
0


Compilation of the C compiler identification source "CMakeCCompilerId.c" produced "a.out"

The C compiler identification is GNU, found in "/Users/chengong.cg/Git/GitHub/CVAPIs/OpenCV/build/CMakeFiles/3.12.2/CompilerIdC/a.out"

Compiling the CXX compiler identification source file "CMakeCXXCompilerId.cpp" succeeded.
Compiler: /usr/local/bin/g++-8 
Build flags: 
Id flags:  

The output was:
0


Compilation of the CXX compiler identification source "CMakeCXXCompilerId.cpp" produced "a.out"

The CXX compiler identification is GNU, found in "/Users/chengong.cg/Git/GitHub/CVAPIs/OpenCV/build/CMakeFiles/3.12.2/CompilerIdCXX/a.out"

Determining if the C compiler works passed with the following output:
Change Dir: /Users/chengong.cg/Git/GitHub/CVAPIs/OpenCV/build/CMakeFiles/CMakeTmp

Run Build Command:"/usr/bin/make" "cmTC_c40d2/fast"
/Library/Developer/CommandLineTools/usr/bin/make -f CMakeFiles/cmTC_c40d2.dir/build.make CMakeFiles/cmTC_c40d2.dir/build
Building C object CMakeFiles/cmTC_c40d2.dir/testCCompiler.c.o
/usr/local/bin/gcc-8   -isysroot /Library/Developer/CommandLineTools/SDKs/MacOSX10.14.sdk   -o CMakeFiles/cmTC_c40d2.dir/testCCompiler.c.o   -c /Users/chengong.cg/Git/GitHub/CVAPIs/OpenCV/build/CMakeFiles/CMakeTmp/testCCompiler.c
Linking C executable cmTC_c40d2
/Applications/CMake.app/Contents/bin/cmake -E cmake_link_script CMakeFiles/cmTC_c40d2.dir/link.txt --verbose=1
/usr/local/bin/gcc-8   -isysroot /Library/Developer/CommandLineTools/SDKs/MacOSX10.14.sdk -Wl,-search_paths_first -Wl,-headerpad_max_install_names   CMakeFiles/cmTC_c40d2.dir/testCCompiler.c.o  -o cmTC_c40d2 


Detecting C compiler ABI info compiled with the following output:
Change Dir: /Users/chengong.cg/Git/GitHub/CVAPIs/OpenCV/build/CMakeFiles/CMakeTmp

Run Build Command:"/usr/bin/make" "cmTC_5b34d/fast"
/Library/Developer/CommandLineTools/usr/bin/make -f CMakeFiles/cmTC_5b34d.dir/build.make CMakeFiles/cmTC_5b34d.dir/build
Building C object CMakeFiles/cmTC_5b34d.dir/CMakeCCompilerABI.c.o
/usr/local/bin/gcc-8   -isysroot /Library/Developer/CommandLineTools/SDKs/MacOSX10.14.sdk   -o CMakeFiles/cmTC_5b34d.dir/CMakeCCompilerABI.c.o   -c /Applications/CMake.app/Contents/share/cmake-3.12/Modules/CMakeCCompilerABI.c
Linking C executable cmTC_5b34d
/Applications/CMake.app/Contents/bin/cmake -E cmake_link_script CMakeFiles/cmTC_5b34d.dir/link.txt --verbose=1
/usr/local/bin/gcc-8   -isysroot /Library/Developer/CommandLineTools/SDKs/MacOSX10.14.sdk -Wl,-search_paths_first -Wl,-headerpad_max_install_names  -v -Wl,-v CMakeFiles/cmTC_5b34d.dir/CMakeCCompilerABI.c.o  -o cmTC_5b34d 
Using built-in specs.
COLLECT_GCC=/usr/local/bin/gcc-8
COLLECT_LTO_WRAPPER=/usr/local/Cellar/gcc/8.3.0_2/libexec/gcc/x86_64-apple-darwin18/8.3.0/lto-wrapper
Target: x86_64-apple-darwin18
Configured with: ../configure --build=x86_64-apple-darwin18 --prefix=/usr/local/Cellar/gcc/8.3.0_2 --libdir=/usr/local/Cellar/gcc/8.3.0_2/lib/gcc/8 --disable-nls --enable-checking=release --enable-languages=c,c++,objc,obj-c++,fortran --program-suffix=-8 --with-gmp=/usr/local/opt/gmp --with-mpfr=/usr/local/opt/mpfr --with-mpc=/usr/local/opt/libmpc --with-isl=/usr/local/opt/isl --with-system-zlib --with-pkgversion='Homebrew GCC 8.3.0_2' --with-bugurl=https://github.com/Homebrew/homebrew-core/issues --disable-multilib --with-native-system-header-dir=/usr/include --with-sysroot=/Library/Developer/CommandLineTools/SDKs/MacOSX.sdk
Thread model: posix
gcc version 8.3.0 (Homebrew GCC 8.3.0_2) 
COMPILER_PATH=/usr/local/Cellar/gcc/8.3.0_2/libexec/gcc/x86_64-apple-darwin18/8.3.0/:/usr/local/Cellar/gcc/8.3.0_2/libexec/gcc/x86_64-apple-darwin18/8.3.0/:/usr/local/Cellar/gcc/8.3.0_2/libexec/gcc/x86_64-apple-darwin18/:/usr/local/Cellar/gcc/8.3.0_2/lib/gcc/8/gcc/x86_64-apple-darwin18/8.3.0/:/usr/local/Cellar/gcc/8.3.0_2/lib/gcc/8/gcc/x86_64-apple-darwin18/
LIBRARY_PATH=/usr/local/Cellar/gcc/8.3.0_2/lib/gcc/8/gcc/x86_64-apple-darwin18/8.3.0/:/usr/local/Cellar/gcc/8.3.0_2/lib/gcc/8/gcc/x86_64-apple-darwin18/8.3.0/../../../
COLLECT_GCC_OPTIONS='-isysroot' '/Library/Developer/CommandLineTools/SDKs/MacOSX10.14.sdk' '-v' '-o' 'cmTC_5b34d' '-mmacosx-version-min=10.14.0' '-asm_macosx_version_min=10.14' '-mtune=core2'
 /usr/local/Cellar/gcc/8.3.0_2/libexec/gcc/x86_64-apple-darwin18/8.3.0/collect2 -dynamic -arch x86_64 -macosx_version_min 10.14.0 -syslibroot /Library/Developer/CommandLineTools/SDKs/MacOSX10.14.sdk -weak_reference_mismatches non-weak -o cmTC_5b34d -L/usr/local/Cellar/gcc/8.3.0_2/lib/gcc/8/gcc/x86_64-apple-darwin18/8.3.0 -L/usr/local/Cellar/gcc/8.3.0_2/lib/gcc/8/gcc/x86_64-apple-darwin18/8.3.0/../../.. -search_paths_first -headerpad_max_install_names -v CMakeFiles/cmTC_5b34d.dir/CMakeCCompilerABI.c.o -no_compact_unwind -lSystem -lgcc_ext.10.5 -lgcc -lSystem -v
collect2 version 8.3.0
/usr/bin/ld -dynamic -arch x86_64 -macosx_version_min 10.14.0 -syslibroot /Library/Developer/CommandLineTools/SDKs/MacOSX10.14.sdk -weak_reference_mismatches non-weak -o cmTC_5b34d -L/usr/local/Cellar/gcc/8.3.0_2/lib/gcc/8/gcc/x86_64-apple-darwin18/8.3.0 -L/usr/local/Cellar/gcc/8.3.0_2/lib/gcc/8/gcc/x86_64-apple-darwin18/8.3.0/../../.. -search_paths_first -headerpad_max_install_names -v CMakeFiles/cmTC_5b34d.dir/CMakeCCompilerABI.c.o -no_compact_unwind -lSystem -lgcc_ext.10.5 -lgcc -lSystem -v
@(#)PROGRAM:ld  PROJECT:ld64-450.3
BUILD 18:45:16 Apr  4 2019
configured to support archs: armv6 armv7 armv7s arm64 arm64e arm64_32 i386 x86_64 x86_64h armv6m armv7k armv7m armv7em
@(#)PROGRAM:ld  PROJECT:ld64-450.3
BUILD 18:45:16 Apr  4 2019
configured to support archs: armv6 armv7 armv7s arm64 arm64e arm64_32 i386 x86_64 x86_64h armv6m armv7k armv7m armv7em
Library search paths:
	/usr/local/Cellar/gcc/8.3.0_2/lib/gcc/8/gcc/x86_64-apple-darwin18/8.3.0
	/usr/local/Cellar/gcc/8.3.0_2/lib/gcc/8
	/Library/Developer/CommandLineTools/SDKs/MacOSX10.14.sdk/usr/lib
Framework search paths:
	/Library/Developer/CommandLineTools/SDKs/MacOSX10.14.sdk/System/Library/Frameworks/
 /usr/local/opt/binutils/bin/gnm -n CMakeFiles/cmTC_5b34d.dir/CMakeCCompilerABI.c.o


Parsed C implicit link information from above output:
  link line regex: [^( *|.*[/\])(ld|CMAKE_LINK_STARTFILE-NOTFOUND|([^/\]+-)?ld|collect2)[^/\]*( |$)]
  ignore line: [Change Dir: /Users/chengong.cg/Git/GitHub/CVAPIs/OpenCV/build/CMakeFiles/CMakeTmp]
  ignore line: []
  ignore line: [Run Build Command:"/usr/bin/make" "cmTC_5b34d/fast"]
  ignore line: [/Library/Developer/CommandLineTools/usr/bin/make -f CMakeFiles/cmTC_5b34d.dir/build.make CMakeFiles/cmTC_5b34d.dir/build]
  ignore line: [Building C object CMakeFiles/cmTC_5b34d.dir/CMakeCCompilerABI.c.o]
  ignore line: [/usr/local/bin/gcc-8   -isysroot /Library/Developer/CommandLineTools/SDKs/MacOSX10.14.sdk   -o CMakeFiles/cmTC_5b34d.dir/CMakeCCompilerABI.c.o   -c /Applications/CMake.app/Contents/share/cmake-3.12/Modules/CMakeCCompilerABI.c]
  ignore line: [Linking C executable cmTC_5b34d]
  ignore line: [/Applications/CMake.app/Contents/bin/cmake -E cmake_link_script CMakeFiles/cmTC_5b34d.dir/link.txt --verbose=1]
  ignore line: [/usr/local/bin/gcc-8   -isysroot /Library/Developer/CommandLineTools/SDKs/MacOSX10.14.sdk -Wl,-search_paths_first -Wl,-headerpad_max_install_names  -v -Wl,-v CMakeFiles/cmTC_5b34d.dir/CMakeCCompilerABI.c.o  -o cmTC_5b34d ]
  ignore line: [Using built-in specs.]
  ignore line: [COLLECT_GCC=/usr/local/bin/gcc-8]
  ignore line: [COLLECT_LTO_WRAPPER=/usr/local/Cellar/gcc/8.3.0_2/libexec/gcc/x86_64-apple-darwin18/8.3.0/lto-wrapper]
  ignore line: [Target: x86_64-apple-darwin18]
  ignore line: [Configured with: ../configure --build=x86_64-apple-darwin18 --prefix=/usr/local/Cellar/gcc/8.3.0_2 --libdir=/usr/local/Cellar/gcc/8.3.0_2/lib/gcc/8 --disable-nls --enable-checking=release --enable-languages=c,c++,objc,obj-c++,fortran --program-suffix=-8 --with-gmp=/usr/local/opt/gmp --with-mpfr=/usr/local/opt/mpfr --with-mpc=/usr/local/opt/libmpc --with-isl=/usr/local/opt/isl --with-system-zlib --with-pkgversion='Homebrew GCC 8.3.0_2' --with-bugurl=https://github.com/Homebrew/homebrew-core/issues --disable-multilib --with-native-system-header-dir=/usr/include --with-sysroot=/Library/Developer/CommandLineTools/SDKs/MacOSX.sdk]
  ignore line: [Thread model: posix]
  ignore line: [gcc version 8.3.0 (Homebrew GCC 8.3.0_2) ]
  ignore line: [COMPILER_PATH=/usr/local/Cellar/gcc/8.3.0_2/libexec/gcc/x86_64-apple-darwin18/8.3.0/:/usr/local/Cellar/gcc/8.3.0_2/libexec/gcc/x86_64-apple-darwin18/8.3.0/:/usr/local/Cellar/gcc/8.3.0_2/libexec/gcc/x86_64-apple-darwin18/:/usr/local/Cellar/gcc/8.3.0_2/lib/gcc/8/gcc/x86_64-apple-darwin18/8.3.0/:/usr/local/Cellar/gcc/8.3.0_2/lib/gcc/8/gcc/x86_64-apple-darwin18/]
  ignore line: [LIBRARY_PATH=/usr/local/Cellar/gcc/8.3.0_2/lib/gcc/8/gcc/x86_64-apple-darwin18/8.3.0/:/usr/local/Cellar/gcc/8.3.0_2/lib/gcc/8/gcc/x86_64-apple-darwin18/8.3.0/../../../]
  ignore line: [COLLECT_GCC_OPTIONS='-isysroot' '/Library/Developer/CommandLineTools/SDKs/MacOSX10.14.sdk' '-v' '-o' 'cmTC_5b34d' '-mmacosx-version-min=10.14.0' '-asm_macosx_version_min=10.14' '-mtune=core2']
  link line: [ /usr/local/Cellar/gcc/8.3.0_2/libexec/gcc/x86_64-apple-darwin18/8.3.0/collect2 -dynamic -arch x86_64 -macosx_version_min 10.14.0 -syslibroot /Library/Developer/CommandLineTools/SDKs/MacOSX10.14.sdk -weak_reference_mismatches non-weak -o cmTC_5b34d -L/usr/local/Cellar/gcc/8.3.0_2/lib/gcc/8/gcc/x86_64-apple-darwin18/8.3.0 -L/usr/local/Cellar/gcc/8.3.0_2/lib/gcc/8/gcc/x86_64-apple-darwin18/8.3.0/../../.. -search_paths_first -headerpad_max_install_names -v CMakeFiles/cmTC_5b34d.dir/CMakeCCompilerABI.c.o -no_compact_unwind -lSystem -lgcc_ext.10.5 -lgcc -lSystem -v]
    arg [/usr/local/Cellar/gcc/8.3.0_2/libexec/gcc/x86_64-apple-darwin18/8.3.0/collect2] ==> ignore
    arg [-dynamic] ==> ignore
    arg [-arch] ==> ignore
    arg [x86_64] ==> ignore
    arg [-macosx_version_min] ==> ignore
    arg [10.14.0] ==> ignore
    arg [-syslibroot] ==> ignore
    arg [/Library/Developer/CommandLineTools/SDKs/MacOSX10.14.sdk] ==> ignore
    arg [-weak_reference_mismatches] ==> ignore
    arg [non-weak] ==> ignore
    arg [-o] ==> ignore
    arg [cmTC_5b34d] ==> ignore
    arg [-L/usr/local/Cellar/gcc/8.3.0_2/lib/gcc/8/gcc/x86_64-apple-darwin18/8.3.0] ==> dir [/usr/local/Cellar/gcc/8.3.0_2/lib/gcc/8/gcc/x86_64-apple-darwin18/8.3.0]
    arg [-L/usr/local/Cellar/gcc/8.3.0_2/lib/gcc/8/gcc/x86_64-apple-darwin18/8.3.0/../../..] ==> dir [/usr/local/Cellar/gcc/8.3.0_2/lib/gcc/8/gcc/x86_64-apple-darwin18/8.3.0/../../..]
    arg [-search_paths_first] ==> ignore
    arg [-headerpad_max_install_names] ==> ignore
    arg [-v] ==> ignore
    arg [CMakeFiles/cmTC_5b34d.dir/CMakeCCompilerABI.c.o] ==> ignore
    arg [-no_compact_unwind] ==> ignore
    arg [-lSystem] ==> lib [System]
    arg [-lgcc_ext.10.5] ==> lib [gcc_ext.10.5]
    arg [-lgcc] ==> lib [gcc]
    arg [-lSystem] ==> lib [System]
    arg [-v] ==> ignore
  Library search paths: [;/usr/local/Cellar/gcc/8.3.0_2/lib/gcc/8/gcc/x86_64-apple-darwin18/8.3.0;/usr/local/Cellar/gcc/8.3.0_2/lib/gcc/8;/Library/Developer/CommandLineTools/SDKs/MacOSX10.14.sdk/usr/lib]
  Framework search paths: [;/Library/Developer/CommandLineTools/SDKs/MacOSX10.14.sdk/System/Library/Frameworks/]
  remove lib [System]
  remove lib [System]
  collapse library dir [/usr/local/Cellar/gcc/8.3.0_2/lib/gcc/8/gcc/x86_64-apple-darwin18/8.3.0] ==> [/usr/local/Cellar/gcc/8.3.0_2/lib/gcc/8/gcc/x86_64-apple-darwin18/8.3.0]
  collapse library dir [/usr/local/Cellar/gcc/8.3.0_2/lib/gcc/8/gcc/x86_64-apple-darwin18/8.3.0/../../..] ==> [/usr/local/Cellar/gcc/8.3.0_2/lib/gcc/8]
  collapse library dir [/usr/local/Cellar/gcc/8.3.0_2/lib/gcc/8/gcc/x86_64-apple-darwin18/8.3.0] ==> [/usr/local/Cellar/gcc/8.3.0_2/lib/gcc/8/gcc/x86_64-apple-darwin18/8.3.0]
  collapse library dir [/usr/local/Cellar/gcc/8.3.0_2/lib/gcc/8] ==> [/usr/local/Cellar/gcc/8.3.0_2/lib/gcc/8]
  collapse library dir [/Library/Developer/CommandLineTools/SDKs/MacOSX10.14.sdk/usr/lib] ==> [/Library/Developer/CommandLineTools/SDKs/MacOSX10.14.sdk/usr/lib]
  collapse framework dir [/Library/Developer/CommandLineTools/SDKs/MacOSX10.14.sdk/System/Library/Frameworks/] ==> [/Library/Developer/CommandLineTools/SDKs/MacOSX10.14.sdk/System/Library/Frameworks]
  implicit libs: [gcc_ext.10.5;gcc]
  implicit dirs: [/usr/local/Cellar/gcc/8.3.0_2/lib/gcc/8/gcc/x86_64-apple-darwin18/8.3.0;/usr/local/Cellar/gcc/8.3.0_2/lib/gcc/8;/Library/Developer/CommandLineTools/SDKs/MacOSX10.14.sdk/usr/lib]
  implicit fwks: [/Library/Developer/CommandLineTools/SDKs/MacOSX10.14.sdk/System/Library/Frameworks]




Detecting C [-std=c11] compiler features compiled with the following output:
Change Dir: /Users/chengong.cg/Git/GitHub/CVAPIs/OpenCV/build/CMakeFiles/CMakeTmp

Run Build Command:"/usr/bin/make" "cmTC_5b43e/fast"
/Library/Developer/CommandLineTools/usr/bin/make -f CMakeFiles/cmTC_5b43e.dir/build.make CMakeFiles/cmTC_5b43e.dir/build
Building C object CMakeFiles/cmTC_5b43e.dir/feature_tests.c.o
/usr/local/bin/gcc-8   -isysroot /Library/Developer/CommandLineTools/SDKs/MacOSX10.14.sdk   -std=c11 -o CMakeFiles/cmTC_5b43e.dir/feature_tests.c.o   -c /Users/chengong.cg/Git/GitHub/CVAPIs/OpenCV/build/CMakeFiles/feature_tests.c
Linking C executable cmTC_5b43e
/Applications/CMake.app/Contents/bin/cmake -E cmake_link_script CMakeFiles/cmTC_5b43e.dir/link.txt --verbose=1
/usr/local/bin/gcc-8   -isysroot /Library/Developer/CommandLineTools/SDKs/MacOSX10.14.sdk -Wl,-search_paths_first -Wl,-headerpad_max_install_names   CMakeFiles/cmTC_5b43e.dir/feature_tests.c.o  -o cmTC_5b43e 


    Feature record: C_FEATURE:1c_function_prototypes
    Feature record: C_FEATURE:1c_restrict
    Feature record: C_FEATURE:1c_static_assert
    Feature record: C_FEATURE:1c_variadic_macros


Detecting C [-std=c99] compiler features compiled with the following output:
Change Dir: /Users/chengong.cg/Git/GitHub/CVAPIs/OpenCV/build/CMakeFiles/CMakeTmp

Run Build Command:"/usr/bin/make" "cmTC_7b5fc/fast"
/Library/Developer/CommandLineTools/usr/bin/make -f CMakeFiles/cmTC_7b5fc.dir/build.make CMakeFiles/cmTC_7b5fc.dir/build
Building C object CMakeFiles/cmTC_7b5fc.dir/feature_tests.c.o
/usr/local/bin/gcc-8   -isysroot /Library/Developer/CommandLineTools/SDKs/MacOSX10.14.sdk   -std=c99 -o CMakeFiles/cmTC_7b5fc.dir/feature_tests.c.o   -c /Users/chengong.cg/Git/GitHub/CVAPIs/OpenCV/build/CMakeFiles/feature_tests.c
Linking C executable cmTC_7b5fc
/Applications/CMake.app/Contents/bin/cmake -E cmake_link_script CMakeFiles/cmTC_7b5fc.dir/link.txt --verbose=1
/usr/local/bin/gcc-8   -isysroot /Library/Developer/CommandLineTools/SDKs/MacOSX10.14.sdk -Wl,-search_paths_first -Wl,-headerpad_max_install_names   CMakeFiles/cmTC_7b5fc.dir/feature_tests.c.o  -o cmTC_7b5fc 


    Feature record: C_FEATURE:1c_function_prototypes
    Feature record: C_FEATURE:1c_restrict
    Feature record: C_FEATURE:0c_static_assert
    Feature record: C_FEATURE:1c_variadic_macros


Detecting C [-std=c90] compiler features compiled with the following output:
Change Dir: /Users/chengong.cg/Git/GitHub/CVAPIs/OpenCV/build/CMakeFiles/CMakeTmp

Run Build Command:"/usr/bin/make" "cmTC_70285/fast"
/Library/Developer/CommandLineTools/usr/bin/make -f CMakeFiles/cmTC_70285.dir/build.make CMakeFiles/cmTC_70285.dir/build
Building C object CMakeFiles/cmTC_70285.dir/feature_tests.c.o
/usr/local/bin/gcc-8   -isysroot /Library/Developer/CommandLineTools/SDKs/MacOSX10.14.sdk   -std=c90 -o CMakeFiles/cmTC_70285.dir/feature_tests.c.o   -c /Users/chengong.cg/Git/GitHub/CVAPIs/OpenCV/build/CMakeFiles/feature_tests.c
Linking C executable cmTC_70285
/Applications/CMake.app/Contents/bin/cmake -E cmake_link_script CMakeFiles/cmTC_70285.dir/link.txt --verbose=1
/usr/local/bin/gcc-8   -isysroot /Library/Developer/CommandLineTools/SDKs/MacOSX10.14.sdk -Wl,-search_paths_first -Wl,-headerpad_max_install_names   CMakeFiles/cmTC_70285.dir/feature_tests.c.o  -o cmTC_70285 


    Feature record: C_FEATURE:1c_function_prototypes
    Feature record: C_FEATURE:0c_restrict
    Feature record: C_FEATURE:0c_static_assert
    Feature record: C_FEATURE:0c_variadic_macros
Determining if the CXX compiler works passed with the following output:
Change Dir: /Users/chengong.cg/Git/GitHub/CVAPIs/OpenCV/build/CMakeFiles/CMakeTmp

Run Build Command:"/usr/bin/make" "cmTC_0e3aa/fast"
/Library/Developer/CommandLineTools/usr/bin/make -f CMakeFiles/cmTC_0e3aa.dir/build.make CMakeFiles/cmTC_0e3aa.dir/build
Building CXX object CMakeFiles/cmTC_0e3aa.dir/testCXXCompiler.cxx.o
/usr/local/bin/g++-8    -isysroot /Library/Developer/CommandLineTools/SDKs/MacOSX10.14.sdk   -o CMakeFiles/cmTC_0e3aa.dir/testCXXCompiler.cxx.o -c /Users/chengong.cg/Git/GitHub/CVAPIs/OpenCV/build/CMakeFiles/CMakeTmp/testCXXCompiler.cxx
Linking CXX executable cmTC_0e3aa
/Applications/CMake.app/Contents/bin/cmake -E cmake_link_script CMakeFiles/cmTC_0e3aa.dir/link.txt --verbose=1
/usr/local/bin/g++-8    -isysroot /Library/Developer/CommandLineTools/SDKs/MacOSX10.14.sdk -Wl,-search_paths_first -Wl,-headerpad_max_install_names   CMakeFiles/cmTC_0e3aa.dir/testCXXCompiler.cxx.o  -o cmTC_0e3aa 


Detecting CXX compiler ABI info compiled with the following output:
Change Dir: /Users/chengong.cg/Git/GitHub/CVAPIs/OpenCV/build/CMakeFiles/CMakeTmp

Run Build Command:"/usr/bin/make" "cmTC_6bfae/fast"
/Library/Developer/CommandLineTools/usr/bin/make -f CMakeFiles/cmTC_6bfae.dir/build.make CMakeFiles/cmTC_6bfae.dir/build
Building CXX object CMakeFiles/cmTC_6bfae.dir/CMakeCXXCompilerABI.cpp.o
/usr/local/bin/g++-8    -isysroot /Library/Developer/CommandLineTools/SDKs/MacOSX10.14.sdk   -o CMakeFiles/cmTC_6bfae.dir/CMakeCXXCompilerABI.cpp.o -c /Applications/CMake.app/Contents/share/cmake-3.12/Modules/CMakeCXXCompilerABI.cpp
Linking CXX executable cmTC_6bfae
/Applications/CMake.app/Contents/bin/cmake -E cmake_link_script CMakeFiles/cmTC_6bfae.dir/link.txt --verbose=1
/usr/local/bin/g++-8    -isysroot /Library/Developer/CommandLineTools/SDKs/MacOSX10.14.sdk -Wl,-search_paths_first -Wl,-headerpad_max_install_names  -v -Wl,-v CMakeFiles/cmTC_6bfae.dir/CMakeCXXCompilerABI.cpp.o  -o cmTC_6bfae 
Using built-in specs.
COLLECT_GCC=/usr/local/bin/g++-8
COLLECT_LTO_WRAPPER=/usr/local/Cellar/gcc/8.3.0_2/libexec/gcc/x86_64-apple-darwin18/8.3.0/lto-wrapper
Target: x86_64-apple-darwin18
Configured with: ../configure --build=x86_64-apple-darwin18 --prefix=/usr/local/Cellar/gcc/8.3.0_2 --libdir=/usr/local/Cellar/gcc/8.3.0_2/lib/gcc/8 --disable-nls --enable-checking=release --enable-languages=c,c++,objc,obj-c++,fortran --program-suffix=-8 --with-gmp=/usr/local/opt/gmp --with-mpfr=/usr/local/opt/mpfr --with-mpc=/usr/local/opt/libmpc --with-isl=/usr/local/opt/isl --with-system-zlib --with-pkgversion='Homebrew GCC 8.3.0_2' --with-bugurl=https://github.com/Homebrew/homebrew-core/issues --disable-multilib --with-native-system-header-dir=/usr/include --with-sysroot=/Library/Developer/CommandLineTools/SDKs/MacOSX.sdk
Thread model: posix
gcc version 8.3.0 (Homebrew GCC 8.3.0_2) 
COMPILER_PATH=/usr/local/Cellar/gcc/8.3.0_2/libexec/gcc/x86_64-apple-darwin18/8.3.0/:/usr/local/Cellar/gcc/8.3.0_2/libexec/gcc/x86_64-apple-darwin18/8.3.0/:/usr/local/Cellar/gcc/8.3.0_2/libexec/gcc/x86_64-apple-darwin18/:/usr/local/Cellar/gcc/8.3.0_2/lib/gcc/8/gcc/x86_64-apple-darwin18/8.3.0/:/usr/local/Cellar/gcc/8.3.0_2/lib/gcc/8/gcc/x86_64-apple-darwin18/
LIBRARY_PATH=/usr/local/Cellar/gcc/8.3.0_2/lib/gcc/8/gcc/x86_64-apple-darwin18/8.3.0/:/usr/local/Cellar/gcc/8.3.0_2/lib/gcc/8/gcc/x86_64-apple-darwin18/8.3.0/../../../
COLLECT_GCC_OPTIONS='-isysroot' '/Library/Developer/CommandLineTools/SDKs/MacOSX10.14.sdk' '-v' '-o' 'cmTC_6bfae' '-mmacosx-version-min=10.14.0' '-asm_macosx_version_min=10.14' '-shared-libgcc' '-mtune=core2'
 /usr/local/Cellar/gcc/8.3.0_2/libexec/gcc/x86_64-apple-darwin18/8.3.0/collect2 -dynamic -arch x86_64 -macosx_version_min 10.14.0 -syslibroot /Library/Developer/CommandLineTools/SDKs/MacOSX10.14.sdk -weak_reference_mismatches non-weak -o cmTC_6bfae -L/usr/local/Cellar/gcc/8.3.0_2/lib/gcc/8/gcc/x86_64-apple-darwin18/8.3.0 -L/usr/local/Cellar/gcc/8.3.0_2/lib/gcc/8/gcc/x86_64-apple-darwin18/8.3.0/../../.. -search_paths_first -headerpad_max_install_names -v CMakeFiles/cmTC_6bfae.dir/CMakeCXXCompilerABI.cpp.o -lstdc++ -no_compact_unwind -lSystem -lgcc_ext.10.5 -lgcc -lSystem -v
collect2 version 8.3.0
/usr/bin/ld -dynamic -arch x86_64 -macosx_version_min 10.14.0 -syslibroot /Library/Developer/CommandLineTools/SDKs/MacOSX10.14.sdk -weak_reference_mismatches non-weak -o cmTC_6bfae -L/usr/local/Cellar/gcc/8.3.0_2/lib/gcc/8/gcc/x86_64-apple-darwin18/8.3.0 -L/usr/local/Cellar/gcc/8.3.0_2/lib/gcc/8/gcc/x86_64-apple-darwin18/8.3.0/../../.. -search_paths_first -headerpad_max_install_names -v CMakeFiles/cmTC_6bfae.dir/CMakeCXXCompilerABI.cpp.o -lstdc++ -no_compact_unwind -lSystem -lgcc_ext.10.5 -lgcc -lSystem -v
@(#)PROGRAM:ld  PROJECT:ld64-450.3
BUILD 18:45:16 Apr  4 2019
configured to support archs: armv6 armv7 armv7s arm64 arm64e arm64_32 i386 x86_64 x86_64h armv6m armv7k armv7m armv7em
@(#)PROGRAM:ld  PROJECT:ld64-450.3
BUILD 18:45:16 Apr  4 2019
configured to support archs: armv6 armv7 armv7s arm64 arm64e arm64_32 i386 x86_64 x86_64h armv6m armv7k armv7m armv7em
Library search paths:
	/usr/local/Cellar/gcc/8.3.0_2/lib/gcc/8/gcc/x86_64-apple-darwin18/8.3.0
	/usr/local/Cellar/gcc/8.3.0_2/lib/gcc/8
	/Library/Developer/CommandLineTools/SDKs/MacOSX10.14.sdk/usr/lib
Framework search paths:
	/Library/Developer/CommandLineTools/SDKs/MacOSX10.14.sdk/System/Library/Frameworks/
 /usr/local/opt/binutils/bin/gnm -n CMakeFiles/cmTC_6bfae.dir/CMakeCXXCompilerABI.cpp.o


Parsed CXX implicit link information from above output:
  link line regex: [^( *|.*[/\])(ld|CMAKE_LINK_STARTFILE-NOTFOUND|([^/\]+-)?ld|collect2)[^/\]*( |$)]
  ignore line: [Change Dir: /Users/chengong.cg/Git/GitHub/CVAPIs/OpenCV/build/CMakeFiles/CMakeTmp]
  ignore line: []
  ignore line: [Run Build Command:"/usr/bin/make" "cmTC_6bfae/fast"]
  ignore line: [/Library/Developer/CommandLineTools/usr/bin/make -f CMakeFiles/cmTC_6bfae.dir/build.make CMakeFiles/cmTC_6bfae.dir/build]
  ignore line: [Building CXX object CMakeFiles/cmTC_6bfae.dir/CMakeCXXCompilerABI.cpp.o]
  ignore line: [/usr/local/bin/g++-8    -isysroot /Library/Developer/CommandLineTools/SDKs/MacOSX10.14.sdk   -o CMakeFiles/cmTC_6bfae.dir/CMakeCXXCompilerABI.cpp.o -c /Applications/CMake.app/Contents/share/cmake-3.12/Modules/CMakeCXXCompilerABI.cpp]
  ignore line: [Linking CXX executable cmTC_6bfae]
  ignore line: [/Applications/CMake.app/Contents/bin/cmake -E cmake_link_script CMakeFiles/cmTC_6bfae.dir/link.txt --verbose=1]
  ignore line: [/usr/local/bin/g++-8    -isysroot /Library/Developer/CommandLineTools/SDKs/MacOSX10.14.sdk -Wl,-search_paths_first -Wl,-headerpad_max_install_names  -v -Wl,-v CMakeFiles/cmTC_6bfae.dir/CMakeCXXCompilerABI.cpp.o  -o cmTC_6bfae ]
  ignore line: [Using built-in specs.]
  ignore line: [COLLECT_GCC=/usr/local/bin/g++-8]
  ignore line: [COLLECT_LTO_WRAPPER=/usr/local/Cellar/gcc/8.3.0_2/libexec/gcc/x86_64-apple-darwin18/8.3.0/lto-wrapper]
  ignore line: [Target: x86_64-apple-darwin18]
  ignore line: [Configured with: ../configure --build=x86_64-apple-darwin18 --prefix=/usr/local/Cellar/gcc/8.3.0_2 --libdir=/usr/local/Cellar/gcc/8.3.0_2/lib/gcc/8 --disable-nls --enable-checking=release --enable-languages=c,c++,objc,obj-c++,fortran --program-suffix=-8 --with-gmp=/usr/local/opt/gmp --with-mpfr=/usr/local/opt/mpfr --with-mpc=/usr/local/opt/libmpc --with-isl=/usr/local/opt/isl --with-system-zlib --with-pkgversion='Homebrew GCC 8.3.0_2' --with-bugurl=https://github.com/Homebrew/homebrew-core/issues --disable-multilib --with-native-system-header-dir=/usr/include --with-sysroot=/Library/Developer/CommandLineTools/SDKs/MacOSX.sdk]
  ignore line: [Thread model: posix]
  ignore line: [gcc version 8.3.0 (Homebrew GCC 8.3.0_2) ]
  ignore line: [COMPILER_PATH=/usr/local/Cellar/gcc/8.3.0_2/libexec/gcc/x86_64-apple-darwin18/8.3.0/:/usr/local/Cellar/gcc/8.3.0_2/libexec/gcc/x86_64-apple-darwin18/8.3.0/:/usr/local/Cellar/gcc/8.3.0_2/libexec/gcc/x86_64-apple-darwin18/:/usr/local/Cellar/gcc/8.3.0_2/lib/gcc/8/gcc/x86_64-apple-darwin18/8.3.0/:/usr/local/Cellar/gcc/8.3.0_2/lib/gcc/8/gcc/x86_64-apple-darwin18/]
  ignore line: [LIBRARY_PATH=/usr/local/Cellar/gcc/8.3.0_2/lib/gcc/8/gcc/x86_64-apple-darwin18/8.3.0/:/usr/local/Cellar/gcc/8.3.0_2/lib/gcc/8/gcc/x86_64-apple-darwin18/8.3.0/../../../]
  ignore line: [COLLECT_GCC_OPTIONS='-isysroot' '/Library/Developer/CommandLineTools/SDKs/MacOSX10.14.sdk' '-v' '-o' 'cmTC_6bfae' '-mmacosx-version-min=10.14.0' '-asm_macosx_version_min=10.14' '-shared-libgcc' '-mtune=core2']
  link line: [ /usr/local/Cellar/gcc/8.3.0_2/libexec/gcc/x86_64-apple-darwin18/8.3.0/collect2 -dynamic -arch x86_64 -macosx_version_min 10.14.0 -syslibroot /Library/Developer/CommandLineTools/SDKs/MacOSX10.14.sdk -weak_reference_mismatches non-weak -o cmTC_6bfae -L/usr/local/Cellar/gcc/8.3.0_2/lib/gcc/8/gcc/x86_64-apple-darwin18/8.3.0 -L/usr/local/Cellar/gcc/8.3.0_2/lib/gcc/8/gcc/x86_64-apple-darwin18/8.3.0/../../.. -search_paths_first -headerpad_max_install_names -v CMakeFiles/cmTC_6bfae.dir/CMakeCXXCompilerABI.cpp.o -lstdc++ -no_compact_unwind -lSystem -lgcc_ext.10.5 -lgcc -lSystem -v]
    arg [/usr/local/Cellar/gcc/8.3.0_2/libexec/gcc/x86_64-apple-darwin18/8.3.0/collect2] ==> ignore
    arg [-dynamic] ==> ignore
    arg [-arch] ==> ignore
    arg [x86_64] ==> ignore
    arg [-macosx_version_min] ==> ignore
    arg [10.14.0] ==> ignore
    arg [-syslibroot] ==> ignore
    arg [/Library/Developer/CommandLineTools/SDKs/MacOSX10.14.sdk] ==> ignore
    arg [-weak_reference_mismatches] ==> ignore
    arg [non-weak] ==> ignore
    arg [-o] ==> ignore
    arg [cmTC_6bfae] ==> ignore
    arg [-L/usr/local/Cellar/gcc/8.3.0_2/lib/gcc/8/gcc/x86_64-apple-darwin18/8.3.0] ==> dir [/usr/local/Cellar/gcc/8.3.0_2/lib/gcc/8/gcc/x86_64-apple-darwin18/8.3.0]
    arg [-L/usr/local/Cellar/gcc/8.3.0_2/lib/gcc/8/gcc/x86_64-apple-darwin18/8.3.0/../../..] ==> dir [/usr/local/Cellar/gcc/8.3.0_2/lib/gcc/8/gcc/x86_64-apple-darwin18/8.3.0/../../..]
    arg [-search_paths_first] ==> ignore
    arg [-headerpad_max_install_names] ==> ignore
    arg [-v] ==> ignore
    arg [CMakeFiles/cmTC_6bfae.dir/CMakeCXXCompilerABI.cpp.o] ==> ignore
    arg [-lstdc++] ==> lib [stdc++]
    arg [-no_compact_unwind] ==> ignore
    arg [-lSystem] ==> lib [System]
    arg [-lgcc_ext.10.5] ==> lib [gcc_ext.10.5]
    arg [-lgcc] ==> lib [gcc]
    arg [-lSystem] ==> lib [System]
    arg [-v] ==> ignore
  Library search paths: [;/usr/local/Cellar/gcc/8.3.0_2/lib/gcc/8/gcc/x86_64-apple-darwin18/8.3.0;/usr/local/Cellar/gcc/8.3.0_2/lib/gcc/8;/Library/Developer/CommandLineTools/SDKs/MacOSX10.14.sdk/usr/lib]
  Framework search paths: [;/Library/Developer/CommandLineTools/SDKs/MacOSX10.14.sdk/System/Library/Frameworks/]
  remove lib [System]
  remove lib [System]
  collapse library dir [/usr/local/Cellar/gcc/8.3.0_2/lib/gcc/8/gcc/x86_64-apple-darwin18/8.3.0] ==> [/usr/local/Cellar/gcc/8.3.0_2/lib/gcc/8/gcc/x86_64-apple-darwin18/8.3.0]
  collapse library dir [/usr/local/Cellar/gcc/8.3.0_2/lib/gcc/8/gcc/x86_64-apple-darwin18/8.3.0/../../..] ==> [/usr/local/Cellar/gcc/8.3.0_2/lib/gcc/8]
  collapse library dir [/usr/local/Cellar/gcc/8.3.0_2/lib/gcc/8/gcc/x86_64-apple-darwin18/8.3.0] ==> [/usr/local/Cellar/gcc/8.3.0_2/lib/gcc/8/gcc/x86_64-apple-darwin18/8.3.0]
  collapse library dir [/usr/local/Cellar/gcc/8.3.0_2/lib/gcc/8] ==> [/usr/local/Cellar/gcc/8.3.0_2/lib/gcc/8]
  collapse library dir [/Library/Developer/CommandLineTools/SDKs/MacOSX10.14.sdk/usr/lib] ==> [/Library/Developer/CommandLineTools/SDKs/MacOSX10.14.sdk/usr/lib]
  collapse framework dir [/Library/Developer/CommandLineTools/SDKs/MacOSX10.14.sdk/System/Library/Frameworks/] ==> [/Library/Developer/CommandLineTools/SDKs/MacOSX10.14.sdk/System/Library/Frameworks]
  implicit libs: [stdc++;gcc_ext.10.5;gcc]
  implicit dirs: [/usr/local/Cellar/gcc/8.3.0_2/lib/gcc/8/gcc/x86_64-apple-darwin18/8.3.0;/usr/local/Cellar/gcc/8.3.0_2/lib/gcc/8;/Library/Developer/CommandLineTools/SDKs/MacOSX10.14.sdk/usr/lib]
  implicit fwks: [/Library/Developer/CommandLineTools/SDKs/MacOSX10.14.sdk/System/Library/Frameworks]




Detecting CXX [-std=c++2a] compiler features compiled with the following output:
Change Dir: /Users/chengong.cg/Git/GitHub/CVAPIs/OpenCV/build/CMakeFiles/CMakeTmp

Run Build Command:"/usr/bin/make" "cmTC_ea9fc/fast"
/Library/Developer/CommandLineTools/usr/bin/make -f CMakeFiles/cmTC_ea9fc.dir/build.make CMakeFiles/cmTC_ea9fc.dir/build
Building CXX object CMakeFiles/cmTC_ea9fc.dir/feature_tests.cxx.o
/usr/local/bin/g++-8    -isysroot /Library/Developer/CommandLineTools/SDKs/MacOSX10.14.sdk   -std=c++2a -o CMakeFiles/cmTC_ea9fc.dir/feature_tests.cxx.o -c /Users/chengong.cg/Git/GitHub/CVAPIs/OpenCV/build/CMakeFiles/feature_tests.cxx
Linking CXX executable cmTC_ea9fc
/Applications/CMake.app/Contents/bin/cmake -E cmake_link_script CMakeFiles/cmTC_ea9fc.dir/link.txt --verbose=1
/usr/local/bin/g++-8    -isysroot /Library/Developer/CommandLineTools/SDKs/MacOSX10.14.sdk -Wl,-search_paths_first -Wl,-headerpad_max_install_names   CMakeFiles/cmTC_ea9fc.dir/feature_tests.cxx.o  -o cmTC_ea9fc 


    Feature record: CXX_FEATURE:1cxx_aggregate_default_initializers
    Feature record: CXX_FEATURE:1cxx_alias_templates
    Feature record: CXX_FEATURE:1cxx_alignas
    Feature record: CXX_FEATURE:1cxx_alignof
    Feature record: CXX_FEATURE:1cxx_attributes
    Feature record: CXX_FEATURE:1cxx_attribute_deprecated
    Feature record: CXX_FEATURE:1cxx_auto_type
    Feature record: CXX_FEATURE:1cxx_binary_literals
    Feature record: CXX_FEATURE:1cxx_constexpr
    Feature record: CXX_FEATURE:1cxx_contextual_conversions
    Feature record: CXX_FEATURE:1cxx_decltype
    Feature record: CXX_FEATURE:1cxx_decltype_auto
    Feature record: CXX_FEATURE:1cxx_decltype_incomplete_return_types
    Feature record: CXX_FEATURE:1cxx_default_function_template_args
    Feature record: CXX_FEATURE:1cxx_defaulted_functions
    Feature record: CXX_FEATURE:1cxx_defaulted_move_initializers
    Feature record: CXX_FEATURE:1cxx_delegating_constructors
    Feature record: CXX_FEATURE:1cxx_deleted_functions
    Feature record: CXX_FEATURE:1cxx_digit_separators
    Feature record: CXX_FEATURE:1cxx_enum_forward_declarations
    Feature record: CXX_FEATURE:1cxx_explicit_conversions
    Feature record: CXX_FEATURE:1cxx_extended_friend_declarations
    Feature record: CXX_FEATURE:1cxx_extern_templates
    Feature record: CXX_FEATURE:1cxx_final
    Feature record: CXX_FEATURE:1cxx_func_identifier
    Feature record: CXX_FEATURE:1cxx_generalized_initializers
    Feature record: CXX_FEATURE:1cxx_generic_lambdas
    Feature record: CXX_FEATURE:1cxx_inheriting_constructors
    Feature record: CXX_FEATURE:1cxx_inline_namespaces
    Feature record: CXX_FEATURE:1cxx_lambdas
    Feature record: CXX_FEATURE:1cxx_lambda_init_captures
    Feature record: CXX_FEATURE:1cxx_local_type_template_args
    Feature record: CXX_FEATURE:1cxx_long_long_type
    Feature record: CXX_FEATURE:1cxx_noexcept
    Feature record: CXX_FEATURE:1cxx_nonstatic_member_init
    Feature record: CXX_FEATURE:1cxx_nullptr
    Feature record: CXX_FEATURE:1cxx_override
    Feature record: CXX_FEATURE:1cxx_range_for
    Feature record: CXX_FEATURE:1cxx_raw_string_literals
    Feature record: CXX_FEATURE:1cxx_reference_qualified_functions
    Feature record: CXX_FEATURE:1cxx_relaxed_constexpr
    Feature record: CXX_FEATURE:1cxx_return_type_deduction
    Feature record: CXX_FEATURE:1cxx_right_angle_brackets
    Feature record: CXX_FEATURE:1cxx_rvalue_references
    Feature record: CXX_FEATURE:1cxx_sizeof_member
    Feature record: CXX_FEATURE:1cxx_static_assert
    Feature record: CXX_FEATURE:1cxx_strong_enums
    Feature record: CXX_FEATURE:1cxx_template_template_parameters
    Feature record: CXX_FEATURE:1cxx_thread_local
    Feature record: CXX_FEATURE:1cxx_trailing_return_types
    Feature record: CXX_FEATURE:1cxx_unicode_literals
    Feature record: CXX_FEATURE:1cxx_uniform_initialization
    Feature record: CXX_FEATURE:1cxx_unrestricted_unions
    Feature record: CXX_FEATURE:1cxx_user_literals
    Feature record: CXX_FEATURE:1cxx_variable_templates
    Feature record: CXX_FEATURE:1cxx_variadic_macros
    Feature record: CXX_FEATURE:1cxx_variadic_templates


Detecting CXX [-std=c++17] compiler features compiled with the following output:
Change Dir: /Users/chengong.cg/Git/GitHub/CVAPIs/OpenCV/build/CMakeFiles/CMakeTmp

Run Build Command:"/usr/bin/make" "cmTC_30bcc/fast"
/Library/Developer/CommandLineTools/usr/bin/make -f CMakeFiles/cmTC_30bcc.dir/build.make CMakeFiles/cmTC_30bcc.dir/build
Building CXX object CMakeFiles/cmTC_30bcc.dir/feature_tests.cxx.o
/usr/local/bin/g++-8    -isysroot /Library/Developer/CommandLineTools/SDKs/MacOSX10.14.sdk   -std=c++17 -o CMakeFiles/cmTC_30bcc.dir/feature_tests.cxx.o -c /Users/chengong.cg/Git/GitHub/CVAPIs/OpenCV/build/CMakeFiles/feature_tests.cxx
Linking CXX executable cmTC_30bcc
/Applications/CMake.app/Contents/bin/cmake -E cmake_link_script CMakeFiles/cmTC_30bcc.dir/link.txt --verbose=1
/usr/local/bin/g++-8    -isysroot /Library/Developer/CommandLineTools/SDKs/MacOSX10.14.sdk -Wl,-search_paths_first -Wl,-headerpad_max_install_names   CMakeFiles/cmTC_30bcc.dir/feature_tests.cxx.o  -o cmTC_30bcc 


    Feature record: CXX_FEATURE:1cxx_aggregate_default_initializers
    Feature record: CXX_FEATURE:1cxx_alias_templates
    Feature record: CXX_FEATURE:1cxx_alignas
    Feature record: CXX_FEATURE:1cxx_alignof
    Feature record: CXX_FEATURE:1cxx_attributes
    Feature record: CXX_FEATURE:1cxx_attribute_deprecated
    Feature record: CXX_FEATURE:1cxx_auto_type
    Feature record: CXX_FEATURE:1cxx_binary_literals
    Feature record: CXX_FEATURE:1cxx_constexpr
    Feature record: CXX_FEATURE:1cxx_contextual_conversions
    Feature record: CXX_FEATURE:1cxx_decltype
    Feature record: CXX_FEATURE:1cxx_decltype_auto
    Feature record: CXX_FEATURE:1cxx_decltype_incomplete_return_types
    Feature record: CXX_FEATURE:1cxx_default_function_template_args
    Feature record: CXX_FEATURE:1cxx_defaulted_functions
    Feature record: CXX_FEATURE:1cxx_defaulted_move_initializers
    Feature record: CXX_FEATURE:1cxx_delegating_constructors
    Feature record: CXX_FEATURE:1cxx_deleted_functions
    Feature record: CXX_FEATURE:1cxx_digit_separators
    Feature record: CXX_FEATURE:1cxx_enum_forward_declarations
    Feature record: CXX_FEATURE:1cxx_explicit_conversions
    Feature record: CXX_FEATURE:1cxx_extended_friend_declarations
    Feature record: CXX_FEATURE:1cxx_extern_templates
    Feature record: CXX_FEATURE:1cxx_final
    Feature record: CXX_FEATURE:1cxx_func_identifier
    Feature record: CXX_FEATURE:1cxx_generalized_initializers
    Feature record: CXX_FEATURE:1cxx_generic_lambdas
    Feature record: CXX_FEATURE:1cxx_inheriting_constructors
    Feature record: CXX_FEATURE:1cxx_inline_namespaces
    Feature record: CXX_FEATURE:1cxx_lambdas
    Feature record: CXX_FEATURE:1cxx_lambda_init_captures
    Feature record: CXX_FEATURE:1cxx_local_type_template_args
    Feature record: CXX_FEATURE:1cxx_long_long_type
    Feature record: CXX_FEATURE:1cxx_noexcept
    Feature record: CXX_FEATURE:1cxx_nonstatic_member_init
    Feature record: CXX_FEATURE:1cxx_nullptr
    Feature record: CXX_FEATURE:1cxx_override
    Feature record: CXX_FEATURE:1cxx_range_for
    Feature record: CXX_FEATURE:1cxx_raw_string_literals
    Feature record: CXX_FEATURE:1cxx_reference_qualified_functions
    Feature record: CXX_FEATURE:1cxx_relaxed_constexpr
    Feature record: CXX_FEATURE:1cxx_return_type_deduction
    Feature record: CXX_FEATURE:1cxx_right_angle_brackets
    Feature record: CXX_FEATURE:1cxx_rvalue_references
    Feature record: CXX_FEATURE:1cxx_sizeof_member
    Feature record: CXX_FEATURE:1cxx_static_assert
    Feature record: CXX_FEATURE:1cxx_strong_enums
    Feature record: CXX_FEATURE:1cxx_template_template_parameters
    Feature record: CXX_FEATURE:1cxx_thread_local
    Feature record: CXX_FEATURE:1cxx_trailing_return_types
    Feature record: CXX_FEATURE:1cxx_unicode_literals
    Feature record: CXX_FEATURE:1cxx_uniform_initialization
    Feature record: CXX_FEATURE:1cxx_unrestricted_unions
    Feature record: CXX_FEATURE:1cxx_user_literals
    Feature record: CXX_FEATURE:1cxx_variable_templates
    Feature record: CXX_FEATURE:1cxx_variadic_macros
    Feature record: CXX_FEATURE:1cxx_variadic_templates


Detecting CXX [-std=c++14] compiler features compiled with the following output:
Change Dir: /Users/chengong.cg/Git/GitHub/CVAPIs/OpenCV/build/CMakeFiles/CMakeTmp

Run Build Command:"/usr/bin/make" "cmTC_220b4/fast"
/Library/Developer/CommandLineTools/usr/bin/make -f CMakeFiles/cmTC_220b4.dir/build.make CMakeFiles/cmTC_220b4.dir/build
Building CXX object CMakeFiles/cmTC_220b4.dir/feature_tests.cxx.o
/usr/local/bin/g++-8    -isysroot /Library/Developer/CommandLineTools/SDKs/MacOSX10.14.sdk   -std=c++14 -o CMakeFiles/cmTC_220b4.dir/feature_tests.cxx.o -c /Users/chengong.cg/Git/GitHub/CVAPIs/OpenCV/build/CMakeFiles/feature_tests.cxx
Linking CXX executable cmTC_220b4
/Applications/CMake.app/Contents/bin/cmake -E cmake_link_script CMakeFiles/cmTC_220b4.dir/link.txt --verbose=1
/usr/local/bin/g++-8    -isysroot /Library/Developer/CommandLineTools/SDKs/MacOSX10.14.sdk -Wl,-search_paths_first -Wl,-headerpad_max_install_names   CMakeFiles/cmTC_220b4.dir/feature_tests.cxx.o  -o cmTC_220b4 


    Feature record: CXX_FEATURE:1cxx_aggregate_default_initializers
    Feature record: CXX_FEATURE:1cxx_alias_templates
    Feature record: CXX_FEATURE:1cxx_alignas
    Feature record: CXX_FEATURE:1cxx_alignof
    Feature record: CXX_FEATURE:1cxx_attributes
    Feature record: CXX_FEATURE:1cxx_attribute_deprecated
    Feature record: CXX_FEATURE:1cxx_auto_type
    Feature record: CXX_FEATURE:1cxx_binary_literals
    Feature record: CXX_FEATURE:1cxx_constexpr
    Feature record: CXX_FEATURE:1cxx_contextual_conversions
    Feature record: CXX_FEATURE:1cxx_decltype
    Feature record: CXX_FEATURE:1cxx_decltype_auto
    Feature record: CXX_FEATURE:1cxx_decltype_incomplete_return_types
    Feature record: CXX_FEATURE:1cxx_default_function_template_args
    Feature record: CXX_FEATURE:1cxx_defaulted_functions
    Feature record: CXX_FEATURE:1cxx_defaulted_move_initializers
    Feature record: CXX_FEATURE:1cxx_delegating_constructors
    Feature record: CXX_FEATURE:1cxx_deleted_functions
    Feature record: CXX_FEATURE:1cxx_digit_separators
    Feature record: CXX_FEATURE:1cxx_enum_forward_declarations
    Feature record: CXX_FEATURE:1cxx_explicit_conversions
    Feature record: CXX_FEATURE:1cxx_extended_friend_declarations
    Feature record: CXX_FEATURE:1cxx_extern_templates
    Feature record: CXX_FEATURE:1cxx_final
    Feature record: CXX_FEATURE:1cxx_func_identifier
    Feature record: CXX_FEATURE:1cxx_generalized_initializers
    Feature record: CXX_FEATURE:1cxx_generic_lambdas
    Feature record: CXX_FEATURE:1cxx_inheriting_constructors
    Feature record: CXX_FEATURE:1cxx_inline_namespaces
    Feature record: CXX_FEATURE:1cxx_lambdas
    Feature record: CXX_FEATURE:1cxx_lambda_init_captures
    Feature record: CXX_FEATURE:1cxx_local_type_template_args
    Feature record: CXX_FEATURE:1cxx_long_long_type
    Feature record: CXX_FEATURE:1cxx_noexcept
    Feature record: CXX_FEATURE:1cxx_nonstatic_member_init
    Feature record: CXX_FEATURE:1cxx_nullptr
    Feature record: CXX_FEATURE:1cxx_override
    Feature record: CXX_FEATURE:1cxx_range_for
    Feature record: CXX_FEATURE:1cxx_raw_string_literals
    Feature record: CXX_FEATURE:1cxx_reference_qualified_functions
    Feature record: CXX_FEATURE:1cxx_relaxed_constexpr
    Feature record: CXX_FEATURE:1cxx_return_type_deduction
    Feature record: CXX_FEATURE:1cxx_right_angle_brackets
    Feature record: CXX_FEATURE:1cxx_rvalue_references
    Feature record: CXX_FEATURE:1cxx_sizeof_member
    Feature record: CXX_FEATURE:1cxx_static_assert
    Feature record: CXX_FEATURE:1cxx_strong_enums
    Feature record: CXX_FEATURE:1cxx_template_template_parameters
    Feature record: CXX_FEATURE:1cxx_thread_local
    Feature record: CXX_FEATURE:1cxx_trailing_return_types
    Feature record: CXX_FEATURE:1cxx_unicode_literals
    Feature record: CXX_FEATURE:1cxx_uniform_initialization
    Feature record: CXX_FEATURE:1cxx_unrestricted_unions
    Feature record: CXX_FEATURE:1cxx_user_literals
    Feature record: CXX_FEATURE:1cxx_variable_templates
    Feature record: CXX_FEATURE:1cxx_variadic_macros
    Feature record: CXX_FEATURE:1cxx_variadic_templates


Detecting CXX [-std=c++11] compiler features compiled with the following output:
Change Dir: /Users/chengong.cg/Git/GitHub/CVAPIs/OpenCV/build/CMakeFiles/CMakeTmp

Run Build Command:"/usr/bin/make" "cmTC_8bbb7/fast"
/Library/Developer/CommandLineTools/usr/bin/make -f CMakeFiles/cmTC_8bbb7.dir/build.make CMakeFiles/cmTC_8bbb7.dir/build
Building CXX object CMakeFiles/cmTC_8bbb7.dir/feature_tests.cxx.o
/usr/local/bin/g++-8    -isysroot /Library/Developer/CommandLineTools/SDKs/MacOSX10.14.sdk   -std=c++11 -o CMakeFiles/cmTC_8bbb7.dir/feature_tests.cxx.o -c /Users/chengong.cg/Git/GitHub/CVAPIs/OpenCV/build/CMakeFiles/feature_tests.cxx
Linking CXX executable cmTC_8bbb7
/Applications/CMake.app/Contents/bin/cmake -E cmake_link_script CMakeFiles/cmTC_8bbb7.dir/link.txt --verbose=1
/usr/local/bin/g++-8    -isysroot /Library/Developer/CommandLineTools/SDKs/MacOSX10.14.sdk -Wl,-search_paths_first -Wl,-headerpad_max_install_names   CMakeFiles/cmTC_8bbb7.dir/feature_tests.cxx.o  -o cmTC_8bbb7 


    Feature record: CXX_FEATURE:0cxx_aggregate_default_initializers
    Feature record: CXX_FEATURE:1cxx_alias_templates
    Feature record: CXX_FEATURE:1cxx_alignas
    Feature record: CXX_FEATURE:1cxx_alignof
    Feature record: CXX_FEATURE:1cxx_attributes
    Feature record: CXX_FEATURE:0cxx_attribute_deprecated
    Feature record: CXX_FEATURE:1cxx_auto_type
    Feature record: CXX_FEATURE:0cxx_binary_literals
    Feature record: CXX_FEATURE:1cxx_constexpr
    Feature record: CXX_FEATURE:0cxx_contextual_conversions
    Feature record: CXX_FEATURE:1cxx_decltype
    Feature record: CXX_FEATURE:0cxx_decltype_auto
    Feature record: CXX_FEATURE:1cxx_decltype_incomplete_return_types
    Feature record: CXX_FEATURE:1cxx_default_function_template_args
    Feature record: CXX_FEATURE:1cxx_defaulted_functions
    Feature record: CXX_FEATURE:1cxx_defaulted_move_initializers
    Feature record: CXX_FEATURE:1cxx_delegating_constructors
    Feature record: CXX_FEATURE:1cxx_deleted_functions
    Feature record: CXX_FEATURE:0cxx_digit_separators
    Feature record: CXX_FEATURE:1cxx_enum_forward_declarations
    Feature record: CXX_FEATURE:1cxx_explicit_conversions
    Feature record: CXX_FEATURE:1cxx_extended_friend_declarations
    Feature record: CXX_FEATURE:1cxx_extern_templates
    Feature record: CXX_FEATURE:1cxx_final
    Feature record: CXX_FEATURE:1cxx_func_identifier
    Feature record: CXX_FEATURE:1cxx_generalized_initializers
    Feature record: CXX_FEATURE:0cxx_generic_lambdas
    Feature record: CXX_FEATURE:1cxx_inheriting_constructors
    Feature record: CXX_FEATURE:1cxx_inline_namespaces
    Feature record: CXX_FEATURE:1cxx_lambdas
    Feature record: CXX_FEATURE:0cxx_lambda_init_captures
    Feature record: CXX_FEATURE:1cxx_local_type_template_args
    Feature record: CXX_FEATURE:1cxx_long_long_type
    Feature record: CXX_FEATURE:1cxx_noexcept
    Feature record: CXX_FEATURE:1cxx_nonstatic_member_init
    Feature record: CXX_FEATURE:1cxx_nullptr
    Feature record: CXX_FEATURE:1cxx_override
    Feature record: CXX_FEATURE:1cxx_range_for
    Feature record: CXX_FEATURE:1cxx_raw_string_literals
    Feature record: CXX_FEATURE:1cxx_reference_qualified_functions
    Feature record: CXX_FEATURE:0cxx_relaxed_constexpr
    Feature record: CXX_FEATURE:0cxx_return_type_deduction
    Feature record: CXX_FEATURE:1cxx_right_angle_brackets
    Feature record: CXX_FEATURE:1cxx_rvalue_references
    Feature record: CXX_FEATURE:1cxx_sizeof_member
    Feature record: CXX_FEATURE:1cxx_static_assert
    Feature record: CXX_FEATURE:1cxx_strong_enums
    Feature record: CXX_FEATURE:1cxx_template_template_parameters
    Feature record: CXX_FEATURE:1cxx_thread_local
    Feature record: CXX_FEATURE:1cxx_trailing_return_types
    Feature record: CXX_FEATURE:1cxx_unicode_literals
    Feature record: CXX_FEATURE:1cxx_uniform_initialization
    Feature record: CXX_FEATURE:1cxx_unrestricted_unions
    Feature record: CXX_FEATURE:1cxx_user_literals
    Feature record: CXX_FEATURE:0cxx_variable_templates
    Feature record: CXX_FEATURE:1cxx_variadic_macros
    Feature record: CXX_FEATURE:1cxx_variadic_templates


Detecting CXX [-std=c++98] compiler features compiled with the following output:
Change Dir: /Users/chengong.cg/Git/GitHub/CVAPIs/OpenCV/build/CMakeFiles/CMakeTmp

Run Build Command:"/usr/bin/make" "cmTC_bc001/fast"
/Library/Developer/CommandLineTools/usr/bin/make -f CMakeFiles/cmTC_bc001.dir/build.make CMakeFiles/cmTC_bc001.dir/build
Building CXX object CMakeFiles/cmTC_bc001.dir/feature_tests.cxx.o
/usr/local/bin/g++-8    -isysroot /Library/Developer/CommandLineTools/SDKs/MacOSX10.14.sdk   -std=c++98 -o CMakeFiles/cmTC_bc001.dir/feature_tests.cxx.o -c /Users/chengong.cg/Git/GitHub/CVAPIs/OpenCV/build/CMakeFiles/feature_tests.cxx
Linking CXX executable cmTC_bc001
/Applications/CMake.app/Contents/bin/cmake -E cmake_link_script CMakeFiles/cmTC_bc001.dir/link.txt --verbose=1
/usr/local/bin/g++-8    -isysroot /Library/Developer/CommandLineTools/SDKs/MacOSX10.14.sdk -Wl,-search_paths_first -Wl,-headerpad_max_install_names   CMakeFiles/cmTC_bc001.dir/feature_tests.cxx.o  -o cmTC_bc001 


    Feature record: CXX_FEATURE:0cxx_aggregate_default_initializers
    Feature record: CXX_FEATURE:0cxx_alias_templates
    Feature record: CXX_FEATURE:0cxx_alignas
    Feature record: CXX_FEATURE:0cxx_alignof
    Feature record: CXX_FEATURE:0cxx_attributes
    Feature record: CXX_FEATURE:0cxx_attribute_deprecated
    Feature record: CXX_FEATURE:0cxx_auto_type
    Feature record: CXX_FEATURE:0cxx_binary_literals
    Feature record: CXX_FEATURE:0cxx_constexpr
    Feature record: CXX_FEATURE:0cxx_contextual_conversions
    Feature record: CXX_FEATURE:0cxx_decltype
    Feature record: CXX_FEATURE:0cxx_decltype_auto
    Feature record: CXX_FEATURE:0cxx_decltype_incomplete_return_types
    Feature record: CXX_FEATURE:0cxx_default_function_template_args
    Feature record: CXX_FEATURE:0cxx_defaulted_functions
    Feature record: CXX_FEATURE:0cxx_defaulted_move_initializers
    Feature record: CXX_FEATURE:0cxx_delegating_constructors
    Feature record: CXX_FEATURE:0cxx_deleted_functions
    Feature record: CXX_FEATURE:0cxx_digit_separators
    Feature record: CXX_FEATURE:0cxx_enum_forward_declarations
    Feature record: CXX_FEATURE:0cxx_explicit_conversions
    Feature record: CXX_FEATURE:0cxx_extended_friend_declarations
    Feature record: CXX_FEATURE:0cxx_extern_templates
    Feature record: CXX_FEATURE:0cxx_final
    Feature record: CXX_FEATURE:0cxx_func_identifier
    Feature record: CXX_FEATURE:0cxx_generalized_initializers
    Feature record: CXX_FEATURE:0cxx_generic_lambdas
    Feature record: CXX_FEATURE:0cxx_inheriting_constructors
    Feature record: CXX_FEATURE:0cxx_inline_namespaces
    Feature record: CXX_FEATURE:0cxx_lambdas
    Feature record: CXX_FEATURE:0cxx_lambda_init_captures
    Feature record: CXX_FEATURE:0cxx_local_type_template_args
    Feature record: CXX_FEATURE:0cxx_long_long_type
    Feature record: CXX_FEATURE:0cxx_noexcept
    Feature record: CXX_FEATURE:0cxx_nonstatic_member_init
    Feature record: CXX_FEATURE:0cxx_nullptr
    Feature record: CXX_FEATURE:0cxx_override
    Feature record: CXX_FEATURE:0cxx_range_for
    Feature record: CXX_FEATURE:0cxx_raw_string_literals
    Feature record: CXX_FEATURE:0cxx_reference_qualified_functions
    Feature record: CXX_FEATURE:0cxx_relaxed_constexpr
    Feature record: CXX_FEATURE:0cxx_return_type_deduction
    Feature record: CXX_FEATURE:0cxx_right_angle_brackets
    Feature record: CXX_FEATURE:0cxx_rvalue_references
    Feature record: CXX_FEATURE:0cxx_sizeof_member
    Feature record: CXX_FEATURE:0cxx_static_assert
    Feature record: CXX_FEATURE:0cxx_strong_enums
    Feature record: CXX_FEATURE:1cxx_template_template_parameters
    Feature record: CXX_FEATURE:0cxx_thread_local
    Feature record: CXX_FEATURE:0cxx_trailing_return_types
    Feature record: CXX_FEATURE:0cxx_unicode_literals
    Feature record: CXX_FEATURE:0cxx_uniform_initialization
    Feature record: CXX_FEATURE:0cxx_unrestricted_unions
    Feature record: CXX_FEATURE:0cxx_user_literals
    Feature record: CXX_FEATURE:0cxx_variable_templates
    Feature record: CXX_FEATURE:0cxx_variadic_macros
    Feature record: CXX_FEATURE:0cxx_variadic_templates
